2018-03-30 11:12:07,617 ERROR 10444 [-/::1/-/10ms GET /news] nodejs.AssertionError [ERR_ASSERTION]: Can't find news/list.tpl from D:\2Demo\egg-example\app\view
    at Map.resolve (D:\2Demo\egg-example\node_modules\egg-view\lib\view_manager.js:74:5)
    at <anonymous>
generatedMessage: false
name: 'AssertionError [ERR_ASSERTION]'
code: 'ERR_ASSERTION'
actual: undefined
expected: true
operator: '=='
pid: 10444
hostname: yangyang1-sz

2018-03-30 11:24:10,578 ERROR 10960 A client (undefined:NaN) error [ECONNRESET] occurred: read ECONNRESET
2018-03-30 11:24:15,290 ERROR 10960 [-/127.0.0.1/-/1150ms GET /news] nodejs.RequestError: connect ECONNREFUSED 35.201.97.85:443 (req "error"), GET https://hacker-news.firebaseio.com/v0/topstories.json -1 (connected: false, keepalive socket: false, agent status: {"createSocketCount":1,"createSocketErrorCount":0,"closeSocketCount":0,"errorSocketCount":0,"timeoutSocketCount":0,"requestCount":0,"freeSockets":{},"sockets":{"hacker-news.firebaseio.com:443:::::::::":1},"requests":{}})
headers: {}
    at Object._errnoException (util.js:1041:11)
    at _exceptionWithHostPort (util.js:1064:20)
    at TCPConnectWrap.afterConnect [as oncomplete] (net.js:1153:14)
code: 'ECONNREFUSED'
errno: 'ECONNREFUSED'
syscall: 'connect'
address: '35.201.97.85'
port: 443
name: 'RequestError'
data: undefined
path: '/v0/topstories.json?orderBy=%22%24key%22&startAt=%220%22&endAt=%224%22'
status: -1
headers: {}
res: { status: -1, statusCode: -1, headers: {}, size: 0, aborted: false, rt: 1122, keepAliveSocket: false, data: undefined, requestUrls: [ 'https://hacker-news.firebaseio.com/v0/topstories.json' ], timing: null, remoteAddress: '35.201.97.85', remotePort: '' }
pid: 10960
hostname: yangyang1-sz

2018-03-30 13:55:09,012 ERROR 10960 [-/::1/-/1318ms GET /news] nodejs.RequestError: connect ECONNREFUSED 35.201.97.85:443 (req "error"), GET https://hacker-news.firebaseio.com/v0/topstories.json -1 (connected: false, keepalive socket: false, agent status: {"createSocketCount":2,"createSocketErrorCount":0,"closeSocketCount":1,"errorSocketCount":0,"timeoutSocketCount":0,"requestCount":0,"freeSockets":{},"sockets":{"hacker-news.firebaseio.com:443:::::::::":1},"requests":{}})
headers: {}
    at Object._errnoException (util.js:1041:11)
    at _exceptionWithHostPort (util.js:1064:20)
    at TCPConnectWrap.afterConnect [as oncomplete] (net.js:1153:14)
code: 'ECONNREFUSED'
errno: 'ECONNREFUSED'
syscall: 'connect'
address: '35.201.97.85'
port: 443
name: 'RequestError'
data: undefined
path: '/v0/topstories.json?orderBy=%22%24key%22&startAt=%220%22&endAt=%224%22'
status: -1
headers: {}
res: { status: -1, statusCode: -1, headers: {}, size: 0, aborted: false, rt: 1317, keepAliveSocket: false, data: undefined, requestUrls: [ 'https://hacker-news.firebaseio.com/v0/topstories.json' ], timing: null, remoteAddress: '35.201.97.85', remotePort: '' }
pid: 10960
hostname: yangyang1-sz

2018-03-30 13:55:58,538 ERROR 13216 A client (undefined:NaN) error [ECONNRESET] occurred: read ECONNRESET
2018-03-30 13:56:26,400 ERROR 13216 [-/::1/-/1054ms GET /news] nodejs.RequestError: connect ECONNREFUSED 35.201.97.85:443 (req "error"), GET https://hacker-news.firebaseio.com/v0/topstories.json -1 (connected: false, keepalive socket: false, agent status: {"createSocketCount":1,"createSocketErrorCount":0,"closeSocketCount":0,"errorSocketCount":0,"timeoutSocketCount":0,"requestCount":0,"freeSockets":{},"sockets":{"hacker-news.firebaseio.com:443:::::::::":1},"requests":{}})
headers: {}
    at Object._errnoException (util.js:1041:11)
    at _exceptionWithHostPort (util.js:1064:20)
    at TCPConnectWrap.afterConnect [as oncomplete] (net.js:1153:14)
code: 'ECONNREFUSED'
errno: 'ECONNREFUSED'
syscall: 'connect'
address: '35.201.97.85'
port: 443
name: 'RequestError'
data: undefined
path: '/v0/topstories.json?orderBy=%22%24key%22&startAt=%220%22&endAt=%224%22'
status: -1
headers: {}
res: { status: -1, statusCode: -1, headers: {}, size: 0, aborted: false, rt: 1039, keepAliveSocket: false, data: undefined, requestUrls: [ 'https://hacker-news.firebaseio.com/v0/topstories.json' ], timing: null, remoteAddress: '35.201.97.85', remotePort: '' }
pid: 13216
hostname: yangyang1-sz

